<?xml version="1.0" encoding="UTF-8"?>
<!-- Generated by org.testng.reporters.JUnitXMLReporter -->
<testsuite hostname="LAPTOP-IN3O14F1" ignored="0" name="Default test" tests="4" failures="0" timestamp="2022-04-18T08:30:12 IST" time="19.804" errors="0">
  <testcase name="verifyHeaders" time="0.831" classname="searchProduct_Tests.Home_Tests"/>
  <testcase name="verifyCategories_AmazonHome" time="3.584" classname="searchProduct_Tests.Home_Tests"/>
  <testcase name="VerifySignInPage" time="2.983" classname="searchProduct_Tests.Home_Tests"/>
  <testcase name="searchProduct_SearchTextbox" time="7.784" classname="searchProduct_Tests.Home_Tests"/>
</testsuite> <!-- Default test -->
