<?xml version="1.0" encoding="UTF-8"?>
<testsuite xmlns:xsi="http://www.w3.org/2001/XMLSchema-instance" xsi:noNamespaceSchemaLocation="https://maven.apache.org/surefire/maven-surefire-plugin/xsd/surefire-test-report-3.0.xsd" version="3.0" name="TestSuite" time="24.175" tests="4" errors="0" skipped="0" failures="0">
  <properties>
[...]
</properties>
  <testcase name="verifyHeaders" classname="home_Tests.Home_Tests" time="0.378">
    <system-out><![CDATA[Executing Before Method
Amazon logo displayed
Location displayed
Search Dropdown displayed
Search Box displayed
Search Key displayed
Language selection displayed
SignIn selection displayed
Returns& Orders displayed
Cart displayed
]]></system-out>
    <system-err><![CDATA[Starting ChromeDriver 102.0.5005.61 (0e59bcc00cc4985ce39ad31c150065f159d95ad3-refs/branch-heads/5005@{#819}) on port 13704
Only local connections are allowed.
Please see https://chromedriver.chromium.org/security-considerations for suggestions on keeping ChromeDriver safe.
ChromeDriver was started successfully.
Jun 12, 2022 8:38:22 AM org.openqa.selenium.remote.ProtocolHandshake createSession
INFO: Detected dialect: W3C
]]></system-err>
  </testcase>
  <testcase name="verifyCategories_AmazonHome" classname="home_Tests.Home_Tests" time="2.978">
    <system-out><![CDATA[Executing Before Method
Amazon logo displayed
ALL slider icon displayed
All elements are displayed under Category section
Best Sellers
Mobiles
Customer Service
Today's Deals
Fashion
 Electronics 
<span>Prime</span><span class="nav-icon nav-arrow" style="visibility: visible;"></span>
Home &amp; Kitchen
Amazon Pay
New Releases
Computers
Books
Coupons
Toys &amp; Games
Sell
Car &amp; Motorbike
Beauty &amp; Personal Care
Grocery &amp; Gourmet Foods
Gift Cards
Sports, Fitness &amp; Outdoors
Baby
Video Games
Health, Household &amp; Personal Care
Pet Supplies
Home Improvement
Gift Ideas	
Kindle eBooks
Audible
AmazonBasics
Subscribe &amp; Save
Amazon Ad image displayed
]]></system-out>
  </testcase>
  <testcase name="VerifySignInPage" classname="home_Tests.Home_Tests" time="2.578">
    <system-out><![CDATA[Executing Before Method
Amazon logo displayed
ALL slider icon displayed
All elements are displayed under Category section
Best Sellers
Mobiles
Customer Service
Today's Deals
Fashion
 Electronics 
<span>Prime</span><span class="nav-icon nav-arrow" style="visibility: visible;"></span>
Home &amp; Kitchen
Amazon Pay
New Releases
Computers
Books
Coupons
Toys &amp; Games
Sell
Car &amp; Motorbike
Beauty &amp; Personal Care
Grocery &amp; Gourmet Foods
Gift Cards
Sports, Fitness &amp; Outdoors
Baby
Video Games
Health, Household &amp; Personal Care
Pet Supplies
Home Improvement
Gift Ideas	
Kindle eBooks
Audible
AmazonBasics
Subscribe &amp; Save
Amazon Ad image displayed
]]></system-out>
  </testcase>
  <testcase name="searchProduct_SearchTextbox" classname="searchProduct_Tests.Search_Tests" time="7.415">
    <system-out><![CDATA[Executing Before Method
Amazon logo displayed
ALL slider icon displayed
wwe 2k22
wwe 2k22 in Video Games
wwe 2k22 ps4
wwe 2k22 ps5
wwe 2k22 pc
wwe 2k22 ps4 deluxe edition
wwe 2k22 xbox one
wwe 2k22 deluxe edition
wwe 2k22 xbox
wwe 2k22 ps5 game
wwe 2k22 xbox series x
Product displayed for Search result
WWE 2K22 (PS4)
2,690
]]></system-out>
    <system-err><![CDATA[log4j:WARN No appenders could be found for logger (freemarker.cache).
log4j:WARN Please initialize the log4j system properly.
log4j:WARN See http://logging.apache.org/log4j/1.2/faq.html#noconfig for more info.
]]></system-err>
  </testcase>
</testsuite>