<?xml version="1.0" encoding="UTF-8"?>
<testng-results ignored="0" total="4" passed="4" failed="0" skipped="0">
  <reporter-output>
  </reporter-output>
  <suite started-at="2022-06-12T08:38:24 IST" name="Amazon Suite" finished-at="2022-06-12T08:38:38 IST" duration-ms="13716">
    <groups>
    </groups>
    <test started-at="2022-06-12T08:38:24 IST" name="Home Test" finished-at="2022-06-12T08:38:31 IST" duration-ms="6226">
      <class name="home_Tests.Home_Tests">
        <test-method is-config="true" signature="beforeClass()[pri:0, instance:home_Tests.Home_Tests@1356d4d4]" started-at="2022-06-12T08:38:24 IST" name="beforeClass" finished-at="2022-06-12T08:38:24 IST" duration-ms="49" status="PASS">
          <reporter-output>
          </reporter-output>
        </test-method> <!-- beforeClass -->
        <test-method is-config="true" signature="startTest(java.lang.reflect.Method)[pri:0, instance:home_Tests.Home_Tests@1356d4d4]" started-at="2022-06-12T08:38:24 IST" name="startTest" finished-at="2022-06-12T08:38:24 IST" duration-ms="11" status="PASS">
          <params>
            <param index="0">
              <value>
                <![CDATA[public void home_Tests.Home_Tests.verifyHeaders() throws java.lang.SecurityException,java.io.IOException]]>
              </value>
            </param>
          </params>
          <reporter-output>
          </reporter-output>
        </test-method> <!-- startTest -->
        <test-method signature="verifyHeaders()[pri:0, instance:home_Tests.Home_Tests@1356d4d4]" started-at="2022-06-12T08:38:24 IST" name="verifyHeaders" finished-at="2022-06-12T08:38:25 IST" duration-ms="375" status="PASS">
          <reporter-output>
          </reporter-output>
        </test-method> <!-- verifyHeaders -->
        <test-method is-config="true" signature="tearDown(org.testng.ITestResult)[pri:0, instance:home_Tests.Home_Tests@1356d4d4]" started-at="2022-06-12T08:38:25 IST" name="tearDown" finished-at="2022-06-12T08:38:25 IST" duration-ms="5" status="PASS">
          <params>
            <param index="0">
              <value>
                <![CDATA[[TestResult name=verifyHeaders status=SUCCESS method=Home_Tests.verifyHeaders()[pri:0, instance:home_Tests.Home_Tests@1356d4d4] output={null}]]]>
              </value>
            </param>
          </params>
          <reporter-output>
          </reporter-output>
        </test-method> <!-- tearDown -->
        <test-method is-config="true" signature="startTest(java.lang.reflect.Method)[pri:0, instance:home_Tests.Home_Tests@1356d4d4]" started-at="2022-06-12T08:38:25 IST" name="startTest" finished-at="2022-06-12T08:38:25 IST" duration-ms="1" status="PASS">
          <params>
            <param index="0">
              <value>
                <![CDATA[void home_Tests.Home_Tests.verifyCategories_AmazonHome() throws java.lang.SecurityException,java.io.IOException]]>
              </value>
            </param>
          </params>
          <reporter-output>
          </reporter-output>
        </test-method> <!-- startTest -->
        <test-method signature="verifyCategories_AmazonHome()[pri:1, instance:home_Tests.Home_Tests@1356d4d4]" started-at="2022-06-12T08:38:25 IST" name="verifyCategories_AmazonHome" finished-at="2022-06-12T08:38:28 IST" duration-ms="2979" status="PASS">
          <reporter-output>
          </reporter-output>
        </test-method> <!-- verifyCategories_AmazonHome -->
        <test-method is-config="true" signature="tearDown(org.testng.ITestResult)[pri:0, instance:home_Tests.Home_Tests@1356d4d4]" started-at="2022-06-12T08:38:28 IST" name="tearDown" finished-at="2022-06-12T08:38:28 IST" duration-ms="0" status="PASS">
          <params>
            <param index="0">
              <value>
                <![CDATA[[TestResult name=verifyCategories_AmazonHome status=SUCCESS method=Home_Tests.verifyCategories_AmazonHome()[pri:1, instance:home_Tests.Home_Tests@1356d4d4] output={null}]]]>
              </value>
            </param>
          </params>
          <reporter-output>
          </reporter-output>
        </test-method> <!-- tearDown -->
        <test-method signature="VerifySignInPage()[pri:2, instance:home_Tests.Home_Tests@1356d4d4]" started-at="2022-06-12T08:38:28 IST" name="VerifySignInPage" finished-at="2022-06-12T08:38:30 IST" duration-ms="2578" status="PASS">
          <reporter-output>
          </reporter-output>
        </test-method> <!-- VerifySignInPage -->
        <test-method is-config="true" signature="startTest(java.lang.reflect.Method)[pri:0, instance:home_Tests.Home_Tests@1356d4d4]" started-at="2022-06-12T08:38:28 IST" name="startTest" finished-at="2022-06-12T08:38:28 IST" duration-ms="0" status="PASS">
          <params>
            <param index="0">
              <value>
                <![CDATA[void home_Tests.Home_Tests.VerifySignInPage()]]>
              </value>
            </param>
          </params>
          <reporter-output>
          </reporter-output>
        </test-method> <!-- startTest -->
        <test-method is-config="true" signature="tearDown(org.testng.ITestResult)[pri:0, instance:home_Tests.Home_Tests@1356d4d4]" started-at="2022-06-12T08:38:30 IST" name="tearDown" finished-at="2022-06-12T08:38:30 IST" duration-ms="1" status="PASS">
          <params>
            <param index="0">
              <value>
                <![CDATA[[TestResult name=VerifySignInPage status=SUCCESS method=Home_Tests.VerifySignInPage()[pri:2, instance:home_Tests.Home_Tests@1356d4d4] output={null}]]]>
              </value>
            </param>
          </params>
          <reporter-output>
          </reporter-output>
        </test-method> <!-- tearDown -->
        <test-method is-config="true" signature="endReport()[pri:0, instance:home_Tests.Home_Tests@1356d4d4]" started-at="2022-06-12T08:38:30 IST" name="endReport" finished-at="2022-06-12T08:38:31 IST" duration-ms="183" status="PASS">
          <reporter-output>
          </reporter-output>
        </test-method> <!-- endReport -->
      </class> <!-- home_Tests.Home_Tests -->
    </test> <!-- Home Test -->
    <test started-at="2022-06-12T08:38:31 IST" name="Search Test" finished-at="2022-06-12T08:38:38 IST" duration-ms="7467">
      <class name="searchProduct_Tests.Search_Tests">
        <test-method is-config="true" signature="init()[pri:0, instance:searchProduct_Tests.Search_Tests@d6e7bab]" started-at="2022-06-12T08:38:20 IST" name="init" finished-at="2022-06-12T08:38:24 IST" duration-ms="4066" status="PASS">
          <reporter-output>
          </reporter-output>
        </test-method> <!-- init -->
        <test-method is-config="true" signature="beforeClass()[pri:0, instance:searchProduct_Tests.Search_Tests@d6e7bab]" started-at="2022-06-12T08:38:31 IST" name="beforeClass" finished-at="2022-06-12T08:38:31 IST" duration-ms="3" status="PASS">
          <reporter-output>
          </reporter-output>
        </test-method> <!-- beforeClass -->
        <test-method signature="searchProduct_SearchTextbox()[pri:3, instance:searchProduct_Tests.Search_Tests@d6e7bab]" started-at="2022-06-12T08:38:31 IST" name="searchProduct_SearchTextbox" finished-at="2022-06-12T08:38:38 IST" duration-ms="7415" status="PASS">
          <reporter-output>
          </reporter-output>
        </test-method> <!-- searchProduct_SearchTextbox -->
        <test-method is-config="true" signature="startTest(java.lang.reflect.Method)[pri:0, instance:searchProduct_Tests.Search_Tests@d6e7bab]" started-at="2022-06-12T08:38:31 IST" name="startTest" finished-at="2022-06-12T08:38:31 IST" duration-ms="0" status="PASS">
          <params>
            <param index="0">
              <value>
                <![CDATA[void searchProduct_Tests.Search_Tests.searchProduct_SearchTextbox() throws java.lang.InterruptedException]]>
              </value>
            </param>
          </params>
          <reporter-output>
          </reporter-output>
        </test-method> <!-- startTest -->
        <test-method is-config="true" signature="endReport()[pri:0, instance:searchProduct_Tests.Search_Tests@d6e7bab]" started-at="2022-06-12T08:38:38 IST" name="endReport" finished-at="2022-06-12T08:38:38 IST" duration-ms="47" status="PASS">
          <reporter-output>
          </reporter-output>
        </test-method> <!-- endReport -->
        <test-method is-config="true" signature="tearDown(org.testng.ITestResult)[pri:0, instance:searchProduct_Tests.Search_Tests@d6e7bab]" started-at="2022-06-12T08:38:38 IST" name="tearDown" finished-at="2022-06-12T08:38:38 IST" duration-ms="0" status="PASS">
          <params>
            <param index="0">
              <value>
                <![CDATA[[TestResult name=searchProduct_SearchTextbox status=SUCCESS method=Search_Tests.searchProduct_SearchTextbox()[pri:3, instance:searchProduct_Tests.Search_Tests@d6e7bab] output={null}]]]>
              </value>
            </param>
          </params>
          <reporter-output>
          </reporter-output>
        </test-method> <!-- tearDown -->
        <test-method is-config="true" signature="EndTest()[pri:0, instance:searchProduct_Tests.Search_Tests@d6e7bab]" started-at="2022-06-12T08:38:38 IST" name="EndTest" finished-at="2022-06-12T08:38:44 IST" duration-ms="5800" status="PASS">
          <reporter-output>
          </reporter-output>
        </test-method> <!-- EndTest -->
      </class> <!-- searchProduct_Tests.Search_Tests -->
    </test> <!-- Search Test -->
  </suite> <!-- Amazon Suite -->
</testng-results>
